> repro-wdio-bug@1.0.0 test C:\Users\Chris\dev\repro-wdio-bug
> npx wdio wdio.conf.js


Execution of 1 spec files started at 2021-02-27T21:10:16.526Z

2021-02-27T21:10:16.542Z INFO @wdio/cli:launcher: Run onPrepare hook
Starting ChromeDriver 88.0.4324.96 (68dba2d8a0b149a1d3afac56fa74648032bcf46b-refs/branch-heads/4324@{#1784}) on port 9515
Only local connections are allowed.
Please see https://chromedriver.chromium.org/security-considerations for suggestions on keeping ChromeDriver safe.
ChromeDriver was started successfully.
2021-02-27T21:10:16.844Z INFO @wdio/cli:launcher: Run onWorkerStart hook
2021-02-27T21:10:16.849Z INFO @wdio/local-runner: Start worker 0-0 with arg: wdio.conf.js
[0-0] 2021-02-27T21:10:17.261Z INFO @wdio/local-runner: Run worker command: run
[0-0] RUNNING in chrome - C:\Users\Chris\dev\repro-wdio-bug\test\specs\nested-table-test.js
[0-0] 2021-02-27T21:10:17.427Z INFO webdriver: Initiate new session using the WebDriver protocol
[0-0] 2021-02-27T21:10:17.427Z INFO webdriver: [POST] http://localhost:9515/session
[0-0] 2021-02-27T21:10:17.428Z INFO webdriver: DATA {
  capabilities: {
    alwaysMatch: { browserName: 'chrome', acceptInsecureCerts: true },
    firstMatch: [ {} ]
  },
  desiredCapabilities: { browserName: 'chrome', acceptInsecureCerts: true }
}

DevTools listening on ws://127.0.0.1:3968/devtools/browser/7296411e-263c-4d03-8b70-ca323deb24a4
[0-0] 2021-02-27T21:10:18.035Z INFO webdriver: COMMAND navigateTo("http://localhost:8081/")
[0-0] 2021-02-27T21:10:18.035Z INFO webdriver: [POST] http://localhost:9515/session/8ada1ec87b267dddba7a69c0be3a65ea/url
2021-02-27T21:10:18.035Z INFO webdriver: DATA { url: 'http://localhost:8081/' }
[0-0] 2021-02-27T21:10:19.066Z INFO webdriver: COMMAND findElement("css selector", "#inner-table")
[0-0] 2021-02-27T21:10:19.067Z INFO webdriver: [POST] http://localhost:9515/session/8ada1ec87b267dddba7a69c0be3a65ea/element
2021-02-27T21:10:19.067Z INFO webdriver: DATA { using: 'css selector', value: '#inner-table' }
[0-0] 2021-02-27T21:10:19.082Z INFO webdriver: RESULT {
  'element-6066-11e4-a52e-4f735466cecf': 'de75b1f9-3b87-4e31-8c93-f88e3546d69c'
}
[0-0] 2021-02-27T21:10:19.088Z INFO webdriver: COMMAND findElementFromElement("de75b1f9-3b87-4e31-8c93-f88e3546d69c", "css selector", "tbody tr")
[0-0] 2021-02-27T21:10:19.088Z INFO webdriver: [POST] http://localhost:9515/session/8ada1ec87b267dddba7a69c0be3a65ea/element/de75b1f9-3b87-4e31-8c93-f88e3546d69c/element
2021-02-27T21:10:19.088Z INFO webdriver: DATA { using: 'css selector', value: 'tbody tr' }
[0-0] 2021-02-27T21:10:19.099Z INFO webdriver: RESULT {
  'element-6066-11e4-a52e-4f735466cecf': '8d9070a0-4eca-4ede-a737-0ca82f280822'
}
[0-0] 2021-02-27T21:10:19.102Z INFO webdriver: COMMAND getElementText("8d9070a0-4eca-4ede-a737-0ca82f280822")
[0-0] 2021-02-27T21:10:19.102Z INFO webdriver: [GET] http://localhost:9515/session/8ada1ec87b267dddba7a69c0be3a65ea/element/8d9070a0-4eca-4ede-a737-0ca82f280822/text
[0-0] 2021-02-27T21:10:19.115Z INFO webdriver: RESULT inner-table-column-header
[0-0] Error in "bug selects theader row instead of tbody row"
Error: expect(received).toEqual(expected) // deep equality

Expected: "inner-table-first-row-cell"
Received: "inner-table-column-header"
    at Context.<anonymous> (C:\Users\Chris\dev\repro-wdio-bug\test\specs\nested-table-test.js:14:14)
    at Context.executeSync (C:\Users\Chris\dev\repro-wdio-bug\node_modules\@wdio\sync\build\index.js:38:22)
    at C:\Users\Chris\dev\repro-wdio-bug\node_modules\@wdio\sync\build\index.js:69:68
[0-0] 2021-02-27T21:10:19.124Z INFO webdriver: COMMAND deleteSession()
[0-0] 2021-02-27T21:10:19.124Z INFO webdriver: [DELETE] http://localhost:9515/session/8ada1ec87b267dddba7a69c0be3a65ea
[0-0] FAILED in chrome - C:\Users\Chris\dev\repro-wdio-bug\test\specs\nested-table-test.js
2021-02-27T21:10:19.279Z INFO @wdio/cli:launcher: Run onComplete hook

 "spec" Reporter:
------------------------------------------------------------------
[chrome 88.0.4324.190 windows #0-0] Spec: C:\Users\Chris\dev\repro-wdio-bug\test\specs\nested-table-test.js
[chrome 88.0.4324.190 windows #0-0] Running: chrome (v88.0.4324.190) on windows
[chrome 88.0.4324.190 windows #0-0] Session ID: 8ada1ec87b267dddba7a69c0be3a65ea
[chrome 88.0.4324.190 windows #0-0]
[chrome 88.0.4324.190 windows #0-0] bug
[chrome 88.0.4324.190 windows #0-0]    âœ– selects theader row instead of tbody row
[chrome 88.0.4324.190 windows #0-0]
[chrome 88.0.4324.190 windows #0-0] 1 failing (1.1s)
[chrome 88.0.4324.190 windows #0-0]
[chrome 88.0.4324.190 windows #0-0] 1) bug selects theader row instead of tbody row
[chrome 88.0.4324.190 windows #0-0] expect(received).toEqual(expected) // deep equality

Expected: "inner-table-first-row-cell"
Received: "inner-table-column-header"
[chrome 88.0.4324.190 windows #0-0] Error: expect(received).toEqual(expected) // deep equality
[chrome 88.0.4324.190 windows #0-0]
[chrome 88.0.4324.190 windows #0-0] Expected: "inner-table-first-row-cell"
[chrome 88.0.4324.190 windows #0-0] Received: "inner-table-column-header"
[chrome 88.0.4324.190 windows #0-0]     at Context.<anonymous> (C:\Users\Chris\dev\repro-wdio-bug\test\specs\nested-table-test.js:14:14)
[chrome 88.0.4324.190 windows #0-0]     at Context.executeSync (C:\Users\Chris\dev\repro-wdio-bug\node_modules\@wdio\sync\build\index.js:38:22)
[chrome 88.0.4324.190 windows #0-0]     at C:\Users\Chris\dev\repro-wdio-bug\node_modules\@wdio\sync\build\index.js:69:68


Spec Files:      0 passed, 1 failed, 1 total (100% completed) in 00:00:02

2021-02-27T21:10:19.284Z INFO @wdio/local-runner: Shutting down spawned worker
2021-02-27T21:10:19.547Z INFO @wdio/local-runner: Waiting for 0 to shut down gracefully
2021-02-27T21:10:19.547Z INFO @wdio/local-runner: shutting down
npm ERR! Test failed.  See above for more details.